This file contains any messages produced by compilers while
running configure, to aid debugging if configure makes a mistake.

It was created by adolc configure 2.6.3, which was
generated by GNU Autoconf 2.69.  Invocation command line was

  $ ./configure 

## --------- ##
## Platform. ##
## --------- ##

hostname = e02e2ee5c499
uname -m = x86_64
uname -r = 5.4.0-42-generic
uname -s = Linux
uname -v = #46~18.04.1-Ubuntu SMP Fri Jul 10 07:21:24 UTC 2020

/usr/bin/uname -p = unknown
/bin/uname -X     = unknown

/bin/arch              = unknown
/usr/bin/arch -k       = unknown
/usr/convex/getsysinfo = unknown
/usr/bin/hostinfo      = unknown
/bin/machine           = unknown
/usr/bin/oslevel       = unknown
/bin/universe          = unknown

PATH: /usr/local/nvidia/bin
PATH: /usr/local/cuda/bin
PATH: /usr/local/sbin
PATH: /usr/local/bin
PATH: /usr/sbin
PATH: /usr/bin
PATH: /sbin
PATH: /bin


## ----------- ##
## Core tests. ##
## ----------- ##

configure:2863: checking for a BSD-compatible install
configure:2931: result: /usr/bin/install -c
configure:2942: checking whether build environment is sane
configure:2997: result: yes
configure:3035: WARNING: 'missing' script is too old or missing
configure:3148: checking for a thread-safe mkdir -p
configure:3187: result: /bin/mkdir -p
configure:3194: checking for gawk
configure:3224: result: no
configure:3194: checking for mawk
configure:3210: found /usr/bin/mawk
configure:3221: result: mawk
configure:3232: checking whether make sets $(MAKE)
configure:3254: result: yes
configure:3283: checking whether make supports nested variables
configure:3300: result: yes
configure:3385: checking whether to enable maintainer-specific portions of Makefiles
configure:3394: result: no
configure:3418: checking whether make supports nested variables
configure:3435: result: yes
configure:3479: checking whether to build ADOL-C with adjoinable MPI (AMPI) support
configure:3488: result: no
configure:3564: checking for g++
configure:3580: found /usr/bin/g++
configure:3591: result: g++
configure:3618: checking for C++ compiler version
configure:3627: g++ --version >&5
g++ (Ubuntu 7.5.0-3ubuntu1~18.04) 7.5.0
Copyright (C) 2017 Free Software Foundation, Inc.
This is free software; see the source for copying conditions.  There is NO
warranty; not even for MERCHANTABILITY or FITNESS FOR A PARTICULAR PURPOSE.

configure:3638: $? = 0
configure:3627: g++ -v >&5
Using built-in specs.
COLLECT_GCC=g++
COLLECT_LTO_WRAPPER=/usr/lib/gcc/x86_64-linux-gnu/7/lto-wrapper
OFFLOAD_TARGET_NAMES=nvptx-none
OFFLOAD_TARGET_DEFAULT=1
Target: x86_64-linux-gnu
Configured with: ../src/configure -v --with-pkgversion='Ubuntu 7.5.0-3ubuntu1~18.04' --with-bugurl=file:///usr/share/doc/gcc-7/README.Bugs --enable-languages=c,ada,c++,go,brig,d,fortran,objc,obj-c++ --prefix=/usr --with-gcc-major-version-only --program-suffix=-7 --program-prefix=x86_64-linux-gnu- --enable-shared --enable-linker-build-id --libexecdir=/usr/lib --without-included-gettext --enable-threads=posix --libdir=/usr/lib --enable-nls --enable-bootstrap --enable-clocale=gnu --enable-libstdcxx-debug --enable-libstdcxx-time=yes --with-default-libstdcxx-abi=new --enable-gnu-unique-object --disable-vtable-verify --enable-libmpx --enable-plugin --enable-default-pie --with-system-zlib --with-target-system-zlib --enable-objc-gc=auto --enable-multiarch --disable-werror --with-arch-32=i686 --with-abi=m64 --with-multilib-list=m32,m64,mx32 --enable-multilib --with-tune=generic --enable-offload-targets=nvptx-none --without-cuda-driver --enable-checking=release --build=x86_64-linux-gnu --host=x86_64-linux-gnu --target=x86_64-linux-gnu
Thread model: posix
gcc version 7.5.0 (Ubuntu 7.5.0-3ubuntu1~18.04) 
configure:3638: $? = 0
configure:3627: g++ -V >&5
g++: error: unrecognized command line option '-V'
g++: fatal error: no input files
compilation terminated.
configure:3638: $? = 1
configure:3627: g++ -qversion >&5
g++: error: unrecognized command line option '-qversion'; did you mean '--version'?
g++: fatal error: no input files
compilation terminated.
configure:3638: $? = 1
configure:3658: checking whether the C++ compiler works
configure:3680: g++    conftest.cpp  >&5
configure:3684: $? = 0
configure:3732: result: yes
configure:3735: checking for C++ compiler default output file name
configure:3737: result: a.out
configure:3743: checking for suffix of executables
configure:3750: g++ -o conftest    conftest.cpp  >&5
configure:3754: $? = 0
configure:3776: result: 
configure:3798: checking whether we are cross compiling
configure:3806: g++ -o conftest    conftest.cpp  >&5
configure:3810: $? = 0
configure:3817: ./conftest
configure:3821: $? = 0
configure:3836: result: no
configure:3841: checking for suffix of object files
configure:3863: g++ -c   conftest.cpp >&5
configure:3867: $? = 0
configure:3888: result: o
configure:3892: checking whether we are using the GNU C++ compiler
configure:3911: g++ -c   conftest.cpp >&5
configure:3911: $? = 0
configure:3920: result: yes
configure:3929: checking whether g++ accepts -g
configure:3949: g++ -c -g  conftest.cpp >&5
configure:3949: $? = 0
configure:3990: result: yes
configure:4024: checking for style of include used by make
configure:4052: result: GNU
configure:4078: checking dependency style of g++
configure:4189: result: none
configure:4212: checking whether g++ supports C++11 features by default
configure:4238: g++ -c -g -O2  conftest.cpp >&5
configure:4238: $? = 0
configure:4245: result: yes
configure:4375: checking for gcc
configure:4391: found /usr/bin/gcc
configure:4402: result: gcc
configure:4631: checking for C compiler version
configure:4640: gcc --version >&5
gcc (Ubuntu 7.5.0-3ubuntu1~18.04) 7.5.0
Copyright (C) 2017 Free Software Foundation, Inc.
This is free software; see the source for copying conditions.  There is NO
warranty; not even for MERCHANTABILITY or FITNESS FOR A PARTICULAR PURPOSE.

configure:4651: $? = 0
configure:4640: gcc -v >&5
Using built-in specs.
COLLECT_GCC=gcc
COLLECT_LTO_WRAPPER=/usr/lib/gcc/x86_64-linux-gnu/7/lto-wrapper
OFFLOAD_TARGET_NAMES=nvptx-none
OFFLOAD_TARGET_DEFAULT=1
Target: x86_64-linux-gnu
Configured with: ../src/configure -v --with-pkgversion='Ubuntu 7.5.0-3ubuntu1~18.04' --with-bugurl=file:///usr/share/doc/gcc-7/README.Bugs --enable-languages=c,ada,c++,go,brig,d,fortran,objc,obj-c++ --prefix=/usr --with-gcc-major-version-only --program-suffix=-7 --program-prefix=x86_64-linux-gnu- --enable-shared --enable-linker-build-id --libexecdir=/usr/lib --without-included-gettext --enable-threads=posix --libdir=/usr/lib --enable-nls --enable-bootstrap --enable-clocale=gnu --enable-libstdcxx-debug --enable-libstdcxx-time=yes --with-default-libstdcxx-abi=new --enable-gnu-unique-object --disable-vtable-verify --enable-libmpx --enable-plugin --enable-default-pie --with-system-zlib --with-target-system-zlib --enable-objc-gc=auto --enable-multiarch --disable-werror --with-arch-32=i686 --with-abi=m64 --with-multilib-list=m32,m64,mx32 --enable-multilib --with-tune=generic --enable-offload-targets=nvptx-none --without-cuda-driver --enable-checking=release --build=x86_64-linux-gnu --host=x86_64-linux-gnu --target=x86_64-linux-gnu
Thread model: posix
gcc version 7.5.0 (Ubuntu 7.5.0-3ubuntu1~18.04) 
configure:4651: $? = 0
configure:4640: gcc -V >&5
gcc: error: unrecognized command line option '-V'
gcc: fatal error: no input files
compilation terminated.
configure:4651: $? = 1
configure:4640: gcc -qversion >&5
gcc: error: unrecognized command line option '-qversion'; did you mean '--version'?
gcc: fatal error: no input files
compilation terminated.
configure:4651: $? = 1
configure:4655: checking whether we are using the GNU C compiler
configure:4674: gcc -c   conftest.c >&5
configure:4674: $? = 0
configure:4683: result: yes
configure:4692: checking whether gcc accepts -g
configure:4712: gcc -c -g  conftest.c >&5
configure:4712: $? = 0
configure:4753: result: yes
configure:4770: checking for gcc option to accept ISO C89
configure:4833: gcc  -c -g -O2  conftest.c >&5
configure:4833: $? = 0
configure:4846: result: none needed
configure:4868: checking dependency style of gcc
configure:4979: result: none
configure:4995: checking whether gcc and cc understand -c and -o together
configure:5026: gcc -c conftest.c -o conftest2.o >&5
configure:5030: $? = 0
configure:5036: gcc -c conftest.c -o conftest2.o >&5
configure:5040: $? = 0
configure:5051: cc -c conftest.c >&5
configure:5055: $? = 0
configure:5063: cc -c conftest.c -o conftest2.o >&5
configure:5067: $? = 0
configure:5073: cc -c conftest.c -o conftest2.o >&5
configure:5077: $? = 0
configure:5095: result: yes
configure:5105: checking for gcc option to accept ISO C99
configure:5254: gcc  -c -g -O2  conftest.c >&5
configure:5254: $? = 0
configure:5267: result: none needed
configure:5287: checking how to run the C preprocessor
configure:5318: gcc -E  conftest.c
configure:5318: $? = 0
configure:5332: gcc -E  conftest.c
conftest.c:12:10: fatal error: ac_nonexistent.h: No such file or directory
 #include <ac_nonexistent.h>
          ^~~~~~~~~~~~~~~~~~
compilation terminated.
configure:5332: $? = 1
configure: failed program was:
| /* confdefs.h */
| #define PACKAGE_NAME "adolc"
| #define PACKAGE_TARNAME "adolc"
| #define PACKAGE_VERSION "2.6.3"
| #define PACKAGE_STRING "adolc 2.6.3"
| #define PACKAGE_BUGREPORT "adol-c@list.coin-or.org"
| #define PACKAGE_URL ""
| #define PACKAGE "adolc"
| #define VERSION "2.6.3"
| #define HAVE_CXX11 1
| /* end confdefs.h.  */
| #include <ac_nonexistent.h>
configure:5357: result: gcc -E
configure:5377: gcc -E  conftest.c
configure:5377: $? = 0
configure:5391: gcc -E  conftest.c
conftest.c:12:10: fatal error: ac_nonexistent.h: No such file or directory
 #include <ac_nonexistent.h>
          ^~~~~~~~~~~~~~~~~~
compilation terminated.
configure:5391: $? = 1
configure: failed program was:
| /* confdefs.h */
| #define PACKAGE_NAME "adolc"
| #define PACKAGE_TARNAME "adolc"
| #define PACKAGE_VERSION "2.6.3"
| #define PACKAGE_STRING "adolc 2.6.3"
| #define PACKAGE_BUGREPORT "adol-c@list.coin-or.org"
| #define PACKAGE_URL ""
| #define PACKAGE "adolc"
| #define VERSION "2.6.3"
| #define HAVE_CXX11 1
| /* end confdefs.h.  */
| #include <ac_nonexistent.h>
configure:5420: checking whether ln -s works
configure:5424: result: yes
configure:5431: checking whether make sets $(MAKE)
configure:5453: result: yes
configure:5489: error: cannot run /bin/bash autoconf/config.sub

## ---------------- ##
## Cache variables. ##
## ---------------- ##

ac_cv_c_compiler_gnu=yes
ac_cv_cxx_compiler_gnu=yes
ac_cv_env_CCC_set=
ac_cv_env_CCC_value=
ac_cv_env_CC_set=
ac_cv_env_CC_value=
ac_cv_env_CFLAGS_set=
ac_cv_env_CFLAGS_value=
ac_cv_env_CPPFLAGS_set=
ac_cv_env_CPPFLAGS_value=
ac_cv_env_CPP_set=
ac_cv_env_CPP_value=
ac_cv_env_CXXCPP_set=
ac_cv_env_CXXCPP_value=
ac_cv_env_CXXFLAGS_set=
ac_cv_env_CXXFLAGS_value=
ac_cv_env_CXX_set=
ac_cv_env_CXX_value=
ac_cv_env_LDFLAGS_set=
ac_cv_env_LDFLAGS_value=
ac_cv_env_LIBS_set=
ac_cv_env_LIBS_value=
ac_cv_env_build_alias_set=
ac_cv_env_build_alias_value=
ac_cv_env_host_alias_set=
ac_cv_env_host_alias_value=
ac_cv_env_target_alias_set=
ac_cv_env_target_alias_value=
ac_cv_objext=o
ac_cv_path_install='/usr/bin/install -c'
ac_cv_path_mkdir=/bin/mkdir
ac_cv_prog_AWK=mawk
ac_cv_prog_CPP='gcc -E'
ac_cv_prog_ac_ct_CC=gcc
ac_cv_prog_ac_ct_CXX=g++
ac_cv_prog_cc_c89=
ac_cv_prog_cc_c99=
ac_cv_prog_cc_g=yes
ac_cv_prog_cc_gcc_c_o=yes
ac_cv_prog_cxx_g=yes
ac_cv_prog_make_make_set=yes
am_cv_CC_dependencies_compiler_type=none
am_cv_CXX_dependencies_compiler_type=none
am_cv_make_support_nested_variables=yes
ax_cv_cxx_compile_cxx11=yes

## ----------------- ##
## Output variables. ##
## ----------------- ##

ACLOCAL='aclocal-1.13'
ADDEXA_FALSE=''
ADDEXA_TRUE=''
ADOLC_PATCHLEVEL=''
ADOLC_SUBVERSION=''
ADOLC_VERSION=''
ADVBRANCH=''
AMDEPBACKSLASH='\'
AMDEP_FALSE='#'
AMDEP_TRUE=''
AMTAR='$${TAR-tar}'
AM_BACKSLASH='\'
AM_DEFAULT_V='$(AM_DEFAULT_VERBOSITY)'
AM_DEFAULT_VERBOSITY='0'
AM_V='$(V)'
AR=''
AS=''
ATRIG_ERF=''
AUTOCONF='autoconf'
AUTOHEADER='autoheader'
AUTOMAKE='automake-1.13'
AWK='mawk'
BOOST_CPPFLAGS=''
BOOST_LDFLAGS=''
BOOST_SYSTEM_LIB=''
BUILD_ADOLC_AMPI_SUPPORT_FALSE=''
BUILD_ADOLC_AMPI_SUPPORT_TRUE='#'
CC='gcc'
CCDEPMODE='depmode=none'
CFLAGS='-g -O2'
CPP='gcc -E'
CPPFLAGS=''
CXX='g++'
CXXCPP=''
CXXDEPMODE='depmode=none'
CXXFLAGS='-g -O2'
CYGPATH_W='echo'
DARWIN_FALSE=''
DARWIN_TRUE='#'
DEFS=''
DEPDIR='.deps'
DLLTOOL=''
DOCEXA_FALSE=''
DOCEXA_TRUE=''
DSYMUTIL=''
DUMPBIN=''
ECHO_C=''
ECHO_N='-n'
ECHO_T=''
EGREP=''
EXEEXT=''
FGREP=''
GREP=''
HAVE_CXX11='1'
HAVE_LIBCOLPACK_FALSE=''
HAVE_LIBCOLPACK_TRUE=''
INSTALL_DATA='${INSTALL} -m 644'
INSTALL_PROGRAM='${INSTALL}'
INSTALL_SCRIPT='${INSTALL}'
INSTALL_STRIP_PROGRAM='$(install_sh) -c -s'
LD=''
LDFLAGS=''
LIBOBJS=''
LIBS=''
LIBTOOL=''
LIPO=''
LN_S='ln -s'
LTLIBOBJS=''
MAINT='#'
MAINTAINER_MODE_FALSE=''
MAINTAINER_MODE_TRUE='#'
MAKEINFO='makeinfo'
MANIFEST_TOOL=''
MKDIR_P='/bin/mkdir -p'
NM=''
NMEDIT=''
OBJDUMP=''
OBJEXT='o'
OTOOL64=''
OTOOL=''
PACKAGE='adolc'
PACKAGE_BUGREPORT='adol-c@list.coin-or.org'
PACKAGE_NAME='adolc'
PACKAGE_STRING='adolc 2.6.3'
PACKAGE_TARNAME='adolc'
PACKAGE_URL=''
PACKAGE_VERSION='2.6.3'
PAREXA_FALSE=''
PAREXA_TRUE=''
PATH_SEPARATOR=':'
RANLIB=''
REAL_TYPE=''
SED=''
SET_MAKE=''
SHELL='/bin/bash'
SPARSE_FALSE=''
SPARSE_TRUE=''
STRIP=''
UINT_TYPE=''
VERSION='2.6.3'
_lib=''
ac_adolc_cflags=''
ac_adolc_cxxflags=''
ac_aux_dir='autoconf'
ac_ct_AR=''
ac_ct_CC='gcc'
ac_ct_CXX='g++'
ac_ct_DUMPBIN=''
adolclib='adolc'
am__EXEEXT_FALSE=''
am__EXEEXT_TRUE=''
am__fastdepCC_FALSE=''
am__fastdepCC_TRUE='#'
am__fastdepCXX_FALSE=''
am__fastdepCXX_TRUE='#'
am__include='include'
am__isrc=''
am__leading_dot='.'
am__nodep='_no'
am__quote=''
am__tar='$${TAR-tar} chof - "$$tardir"'
am__untar='$${TAR-tar} xf -'
bindir='${exec_prefix}/bin'
build=''
build_alias=''
build_cpu=''
build_os=''
build_vendor=''
datadir='${datarootdir}'
datarootdir='${prefix}/share'
docdir='${datarootdir}/doc/${PACKAGE_TARNAME}'
dvidir='${docdir}'
exec_prefix='NONE'
host=''
host_alias=''
host_cpu=''
host_os=''
host_vendor=''
htmldir='${docdir}'
includedir='${prefix}/include'
infodir='${datarootdir}/info'
install_sh='${SHELL} /home/shared/include/ADOL-C-2.6.3/autoconf/install-sh'
libdir='${exec_prefix}/lib'
libexecdir='${exec_prefix}/libexec'
localedir='${datarootdir}/locale'
localstatedir='${prefix}/var'
mandir='${datarootdir}/man'
mkdir_p='$(MKDIR_P)'
oldincludedir='/usr/include'
pdfdir='${docdir}'
prefix='NONE'
program_transform_name='s,x,x,'
psdir='${docdir}'
saveCC=''
saveCXX=''
sbindir='${exec_prefix}/sbin'
sharedstatedir='${prefix}/com'
sysconfdir='${prefix}/etc'
target_alias=''

## ----------- ##
## confdefs.h. ##
## ----------- ##

/* confdefs.h */
#define PACKAGE_NAME "adolc"
#define PACKAGE_TARNAME "adolc"
#define PACKAGE_VERSION "2.6.3"
#define PACKAGE_STRING "adolc 2.6.3"
#define PACKAGE_BUGREPORT "adol-c@list.coin-or.org"
#define PACKAGE_URL ""
#define PACKAGE "adolc"
#define VERSION "2.6.3"
#define HAVE_CXX11 1

configure: exit 2
